# JRE version: Java(TM) SE Runtime Environment (7.0_79-b15) (build 1.7.0_79-b15)
# Java VM: Java HotSpot(TM) 64-Bit Server VM (24.79-b02 mixed mode windows-amd64 compressed oops)
Heap
 PSYoungGen      total 692736K, used 0K [0x00000007d5b00000, 0x0000000800000000, 0x0000000800000000)
  eden space 692224K, 0% used [0x00000007d5b00000,0x00000007d5b00000,0x00000007fff00000)
  from space 512K, 0% used [0x00000007fff00000,0x00000007fff00000,0x00000007fff80000)
  to   space 512K, 0% used [0x00000007fff80000,0x00000007fff80000,0x0000000800000000)
 ParOldGen       total 1385472K, used 42392K [0x0000000781200000, 0x00000007d5b00000, 0x00000007d5b00000)
  object space 1385472K, 3% used [0x0000000781200000,0x0000000783b663a8,0x00000007d5b00000)
 PSPermGen       total 83968K, used 83963K [0x000000077c000000, 0x0000000781200000, 0x0000000781200000)
  object space 83968K, 99% used [0x000000077c000000,0x00000007811fece0,0x0000000781200000)
GC Heap History (10 events):
Event: 356.005 GC heap before
{Heap before GC invocations=477 (full 228):
 PSYoungGen      total 692736K, used 0K [0x00000007d5b00000, 0x0000000800000000, 0x0000000800000000)
  eden space 692224K, 0% used [0x00000007d5b00000,0x00000007d5b00000,0x00000007fff00000)
  from space 512K, 0% used [0x00000007fff00000,0x00000007fff00000,0x00000007fff80000)
  to   space 512K, 0% used [0x00000007fff80000,0x00000007fff80000,0x0000000800000000)
 ParOldGen       total 1385472K, used 42394K [0x0000000781200000, 0x00000007d5b00000, 0x00000007d5b00000)
  object space 1385472K, 3% used [0x0000000781200000,0x0000000783b66a40,0x00000007d5b00000)
 PSPermGen       total 83968K, used 83967K [0x000000077c000000, 0x0000000781200000, 0x0000000781200000)
  object space 83968K, 99% used [0x000000077c000000,0x00000007811ffff8,0x0000000781200000)
Event: 356.099 GC heap after
Heap after GC invocations=477 (full 228):
 PSYoungGen      total 692736K, used 0K [0x00000007d5b00000, 0x0000000800000000, 0x0000000800000000)
  eden space 692224K, 0% used [0x00000007d5b00000,0x00000007d5b00000,0x00000007fff00000)
  from space 512K, 0% used [0x00000007fff00000,0x00000007fff00000,0x00000007fff80000)
  to   space 512K, 0% used [0x00000007fff80000,0x00000007fff80000,0x0000000800000000)
 ParOldGen       total 1385472K, used 42392K [0x0000000781200000, 0x00000007d5b00000, 0x00000007d5b00000)
  object space 1385472K, 3% used [0x0000000781200000,0x0000000783b663a8,0x00000007d5b00000)
 PSPermGen       total 83968K, used 83927K [0x000000077c000000, 0x0000000781200000, 0x0000000781200000)
  object space 83968K, 99% used [0x000000077c000000,0x00000007811f5c78,0x0000000781200000)
}
Event: 356.102 GC heap before
{Heap before GC invocations=478 (full 228):
 PSYoungGen      total 692736K, used 2013K [0x00000007d5b00000, 0x0000000800000000, 0x0000000800000000)
  eden space 692224K, 0% used [0x00000007d5b00000,0x00000007d5cf76f8,0x00000007fff00000)
  from space 512K, 0% used [0x00000007fff00000,0x00000007fff00000,0x00000007fff80000)
  to   space 512K, 0% used [0x00000007fff80000,0x00000007fff80000,0x0000000800000000)
 ParOldGen       total 1385472K, used 42392K [0x0000000781200000, 0x00000007d5b00000, 0x00000007d5b00000)
  object space 1385472K, 3% used [0x0000000781200000,0x0000000783b663a8,0x00000007d5b00000)
 PSPermGen       total 83968K, used 83963K [0x000000077c000000, 0x0000000781200000, 0x0000000781200000)
  object space 83968K, 99% used [0x000000077c000000,0x00000007811fece0,0x0000000781200000)
Event: 356.105 GC heap after
Heap after GC invocations=478 (full 228):
 PSYoungGen      total 692736K, used 0K [0x00000007d5b00000, 0x0000000800000000, 0x0000000800000000)
  eden space 692224K, 0% used [0x00000007d5b00000,0x00000007d5b00000,0x00000007fff00000)
  from space 512K, 0% used [0x00000007fff80000,0x00000007fff80000,0x0000000800000000)
  to   space 512K, 0% used [0x00000007fff00000,0x00000007fff00000,0x00000007fff80000)
 ParOldGen       total 1385472K, used 42392K [0x0000000781200000, 0x00000007d5b00000, 0x00000007d5b00000)
  object space 1385472K, 3% used [0x0000000781200000,0x0000000783b663a8,0x00000007d5b00000)
 PSPermGen       total 83968K, used 83963K [0x000000077c000000, 0x0000000781200000, 0x0000000781200000)
  object space 83968K, 99% used [0x000000077c000000,0x00000007811fece0,0x0000000781200000)
}
Event: 356.105 GC heap before
{Heap before GC invocations=479 (full 229):
 PSYoungGen      total 692736K, used 0K [0x00000007d5b00000, 0x0000000800000000, 0x0000000800000000)
  eden space 692224K, 0% used [0x00000007d5b00000,0x00000007d5b00000,0x00000007fff00000)
  from space 512K, 0% used [0x00000007fff80000,0x00000007fff80000,0x0000000800000000)
  to   space 512K, 0% used [0x00000007fff00000,0x00000007fff00000,0x00000007fff80000)
 ParOldGen       total 1385472K, used 42392K [0x0000000781200000, 0x00000007d5b00000, 0x00000007d5b00000)
  object space 1385472K, 3% used [0x0000000781200000,0x0000000783b663a8,0x00000007d5b00000)
 PSPermGen       total 83968K, used 83963K [0x000000077c000000, 0x0000000781200000, 0x0000000781200000)
  object space 83968K, 99% used [0x000000077c000000,0x00000007811fece0,0x0000000781200000)
Event: 356.192 GC heap after
Heap after GC invocations=479 (full 229):
 PSYoungGen      total 692736K, used 0K [0x00000007d5b00000, 0x0000000800000000, 0x0000000800000000)
  eden space 692224K, 0% used [0x00000007d5b00000,0x00000007d5b00000,0x00000007fff00000)
  from space 512K, 0% used [0x00000007fff80000,0x00000007fff80000,0x0000000800000000)
  to   space 512K, 0% used [0x00000007fff00000,0x00000007fff00000,0x00000007fff80000)
 ParOldGen       total 1385472K, used 42392K [0x0000000781200000, 0x00000007d5b00000, 0x00000007d5b00000)
  object space 1385472K, 3% used [0x0000000781200000,0x0000000783b663a8,0x00000007d5b00000)
 PSPermGen       total 83968K, used 83963K [0x000000077c000000, 0x0000000781200000, 0x0000000781200000)
  object space 83968K, 99% used [0x000000077c000000,0x00000007811fece0,0x0000000781200000)
}
Event: 356.192 GC heap before
{Heap before GC invocations=480 (full 229):
 PSYoungGen      total 692736K, used 0K [0x00000007d5b00000, 0x0000000800000000, 0x0000000800000000)
  eden space 692224K, 0% used [0x00000007d5b00000,0x00000007d5b00000,0x00000007fff00000)
  from space 512K, 0% used [0x00000007fff80000,0x00000007fff80000,0x0000000800000000)
  to   space 512K, 0% used [0x00000007fff00000,0x00000007fff00000,0x00000007fff80000)
 ParOldGen       total 1385472K, used 42392K [0x0000000781200000, 0x00000007d5b00000, 0x00000007d5b00000)
  object space 1385472K, 3% used [0x0000000781200000,0x0000000783b663a8,0x00000007d5b00000)
 PSPermGen       total 83968K, used 83963K [0x000000077c000000, 0x0000000781200000, 0x0000000781200000)
  object space 83968K, 99% used [0x000000077c000000,0x00000007811fece0,0x0000000781200000)
Event: 356.194 GC heap after
Heap after GC invocations=480 (full 229):
 PSYoungGen      total 692736K, used 0K [0x00000007d5b00000, 0x0000000800000000, 0x0000000800000000)
  eden space 692224K, 0% used [0x00000007d5b00000,0x00000007d5b00000,0x00000007fff00000)
  from space 512K, 0% used [0x00000007fff00000,0x00000007fff00000,0x00000007fff80000)
  to   space 512K, 0% used [0x00000007fff80000,0x00000007fff80000,0x0000000800000000)
 ParOldGen       total 1385472K, used 42392K [0x0000000781200000, 0x00000007d5b00000, 0x00000007d5b00000)
  object space 1385472K, 3% used [0x0000000781200000,0x0000000783b663a8,0x00000007d5b00000)
 PSPermGen       total 83968K, used 83963K [0x000000077c000000, 0x0000000781200000, 0x0000000781200000)
  object space 83968K, 99% used [0x000000077c000000,0x00000007811fece0,0x0000000781200000)
}
Event: 356.194 GC heap before
{Heap before GC invocations=481 (full 230):
 PSYoungGen      total 692736K, used 0K [0x00000007d5b00000, 0x0000000800000000, 0x0000000800000000)
  eden space 692224K, 0% used [0x00000007d5b00000,0x00000007d5b00000,0x00000007fff00000)
  from space 512K, 0% used [0x00000007fff00000,0x00000007fff00000,0x00000007fff80000)
  to   space 512K, 0% used [0x00000007fff80000,0x00000007fff80000,0x0000000800000000)
 ParOldGen       total 1385472K, used 42392K [0x0000000781200000, 0x00000007d5b00000, 0x00000007d5b00000)
  object space 1385472K, 3% used [0x0000000781200000,0x0000000783b663a8,0x00000007d5b00000)
 PSPermGen       total 83968K, used 83963K [0x000000077c000000, 0x0000000781200000, 0x0000000781200000)
  object space 83968K, 99% used [0x000000077c000000,0x00000007811fece0,0x0000000781200000)
Event: 356.282 GC heap after
Heap after GC invocations=481 (full 230):
 PSYoungGen      total 692736K, used 0K [0x00000007d5b00000, 0x0000000800000000, 0x0000000800000000)
  eden space 692224K, 0% used [0x00000007d5b00000,0x00000007d5b00000,0x00000007fff00000)
  from space 512K, 0% used [0x00000007fff00000,0x00000007fff00000,0x00000007fff80000)
  to   space 512K, 0% used [0x00000007fff80000,0x00000007fff80000,0x0000000800000000)
 ParOldGen       total 1385472K, used 42392K [0x0000000781200000, 0x00000007d5b00000, 0x00000007d5b00000)
  object space 1385472K, 3% used [0x0000000781200000,0x0000000783b663a8,0x00000007d5b00000)
 PSPermGen       total 83968K, used 83963K [0x000000077c000000, 0x0000000781200000, 0x0000000781200000)
  object space 83968K, 99% used [0x000000077c000000,0x00000007811fece0,0x0000000781200000)
}

